TN:
SF:contracts/EternovaQuickBattles.sol
FN:79,EternovaQuickBattles.startBattle
FNDA:12,EternovaQuickBattles.startBattle
DA:80,12
BRDA:80,0,0,1
BRDA:80,0,1,11
DA:81,11
BRDA:81,1,0,1
BRDA:81,1,1,10
DA:82,10
BRDA:82,2,0,1
BRDA:82,2,1,9
DA:83,9
BRDA:83,3,0,1
BRDA:83,3,1,8
DA:85,8
DA:86,8
BRDA:86,4,0,1
BRDA:86,4,1,7
DA:88,7
DA:90,7
DA:106,7
DA:107,7
DA:108,7
DA:109,7
DA:111,7
FN:115,EternovaQuickBattles.requestBattle
FNDA:9,EternovaQuickBattles.requestBattle
DA:116,9
DA:117,2
DA:119,2
DA:134,2
DA:136,2
FN:140,EternovaQuickBattles.respondBattle
FNDA:14,EternovaQuickBattles.respondBattle
DA:141,14
DA:142,5
DA:143,5
BRDA:143,5,0,-
BRDA:143,5,1,1
DA:144,1
DA:145,1
DA:146,1
DA:148,4
DA:149,4
DA:150,4
DA:153,5
FN:156,EternovaQuickBattles.validateBattleData
FNDA:23,EternovaQuickBattles.validateBattleData
DA:157,23
BRDA:157,6,0,4
BRDA:157,6,1,19
DA:158,19
DA:159,19
BRDA:159,7,0,2
BRDA:159,7,1,17
DA:160,17
BRDA:160,8,0,2
BRDA:160,8,1,15
DA:161,15
BRDA:161,9,0,2
BRDA:161,9,1,13
DA:162,13
BRDA:162,10,0,2
BRDA:162,10,1,11
DA:163,11
BRDA:163,11,0,2
BRDA:163,11,1,9
DA:165,9
DA:166,9
DA:168,9
BRDA:168,12,0,2
BRDA:168,12,1,7
FN:174,EternovaQuickBattles.resolveRound
FNDA:5,EternovaQuickBattles.resolveRound
DA:175,5
DA:176,5
DA:178,5
DA:179,5
DA:181,5
DA:182,5
DA:184,5
DA:200,5
BRDA:200,13,0,1
BRDA:200,13,1,-
DA:201,1
DA:202,1
DA:203,1
DA:204,1
DA:205,1
DA:206,1
DA:207,1
DA:208,1
DA:209,1
DA:212,4
DA:214,4
DA:215,4
DA:216,4
FN:219,EternovaQuickBattles.getTotalDamage
FNDA:10,EternovaQuickBattles.getTotalDamage
DA:220,10
FN:223,EternovaQuickBattles.getRemainingLife
FNDA:10,EternovaQuickBattles.getRemainingLife
DA:224,10
FN:227,EternovaQuickBattles.getBattleData
FNDA:26,EternovaQuickBattles.getBattleData
DA:228,26
FN:243,EternovaQuickBattles.getPublicBattleData
FNDA:11,EternovaQuickBattles.getPublicBattleData
DA:244,11
BRDA:244,14,0,1
BRDA:244,14,1,10
DA:245,10
DA:246,10
BRDA:246,15,0,1
BRDA:246,15,1,9
DA:248,9
DA:249,9
DA:250,9
DA:251,9
DA:252,9
DA:253,9
DA:254,9
DA:255,9
DA:256,9
FN:259,EternovaQuickBattles.setBattle
FNDA:14,EternovaQuickBattles.setBattle
DA:260,14
FN:272,EternovaQuickBattles.getUserBattleData
FNDA:2,EternovaQuickBattles.getUserBattleData
DA:273,2
BRDA:273,16,0,1
BRDA:273,16,1,1
DA:274,1
DA:275,1
DA:276,1
DA:277,1
DA:278,1
DA:279,1
DA:280,1
DA:281,1
DA:282,1
DA:292,1
DA:295,1
FN:298,EternovaQuickBattles.areCurrentlyFighting
FNDA:12,EternovaQuickBattles.areCurrentlyFighting
DA:299,12
FN:302,EternovaQuickBattles.getUserBattleCount
FNDA:1,EternovaQuickBattles.getUserBattleCount
DA:303,1
FNF:13
FNH:13
LF:89
LH:89
BRF:34
BRH:32
end_of_record
